{"E:\\Revou Course - Seoul\\Materi_Week13\\my-react-testing\\src\\components\\Button\\index.tsx": {"path":"E:\\Revou Course - Seoul\\Materi_Week13\\my-react-testing\\src\\components\\Button\\index.tsx","statementMap":{"0":{"start":{"line":1,"column":15},"end":{"line":7,"column":1}},"1":{"start":{"line":2,"column":2},"end":{"line":6,"column":3}}},"fnMap":{"0":{"name":"(anonymous_0)","decl":{"start":{"line":1,"column":15},"end":{"line":1,"column":16}},"loc":{"start":{"line":1,"column":21},"end":{"line":7,"column":1}},"line":1}},"branchMap":{},"s":{"0":1,"1":1},"f":{"0":1},"b":{},"_coverageSchema":"1a1c01bbd47fc00a2c39e90264f33305004495a9","hash":"11e3bab6bcbd44d1c4cb9b8dd57acd81db7d0d6f"}
,"E:\\Revou Course - Seoul\\Materi_Week13\\my-react-testing\\src\\components\\Text\\index.tsx": {"path":"E:\\Revou Course - Seoul\\Materi_Week13\\my-react-testing\\src\\components\\Text\\index.tsx","statementMap":{"0":{"start":{"line":11,"column":13},"end":{"line":21,"column":1}},"1":{"start":{"line":12,"column":2},"end":{"line":20,"column":3}}},"fnMap":{"0":{"name":"(anonymous_0)","decl":{"start":{"line":11,"column":13},"end":{"line":11,"column":14}},"loc":{"start":{"line":11,"column":52},"end":{"line":21,"column":1}},"line":11}},"branchMap":{},"s":{"0":1,"1":3},"f":{"0":3},"b":{},"_coverageSchema":"1a1c01bbd47fc00a2c39e90264f33305004495a9","hash":"8e844cbe527cd8512f342947fae62d6f17194e1d"}
}
